<?xml version="1.0" encoding="UTF-8"?>
<!-- Generated by org.testng.reporters.JUnitReportReporter -->
<testsuite hostname="DESKTOP-UPO9VLV" failures="0" tests="1" name="verifactionUsingTestNG.Multipleverification" time="0.015" errors="0" timestamp="2022-06-28T12:24:41 IST" skipped="0">
  <testcase classname="verifactionUsingTestNG.Multipleverification" name="myMethod" time="0.015"/>
  <system-out/>
</testsuite> <!-- verifactionUsingTestNG.Multipleverification -->
