<?xml version="1.0" encoding="UTF-8"?>
<!-- Generated by org.testng.reporters.JUnitReportReporter -->
<testsuite hostname="DESKTOP-UPO9VLV" failures="0" tests="3" name="TestNGKeywords.EnabledStudy" time="0.017" errors="0" timestamp="2022-06-23T17:45:36 IST" skipped="1">
  <testcase classname="TestNGKeywords.EnabledStudy" name="a" time="0.016"/>
  <system-out>
    <![CDATA[A]]>
  </system-out>
  <testcase classname="TestNGKeywords.EnabledStudy" name="n" time="0.001"/>
  <system-out>
    <![CDATA[N]]>
  </system-out>
  <testcase classname="TestNGKeywords.EnabledStudy" name="p">
    <skipped/>
  </testcase> <!-- p -->
  <system-out/>
</testsuite> <!-- TestNGKeywords.EnabledStudy -->
