<?xml version="1.0" encoding="UTF-8"?>
<!-- Generated by org.testng.reporters.JUnitReportReporter -->
<testsuite hostname="DESKTOP-UPO9VLV" failures="0" tests="2" name="TestNGIncludeExclude.MyTestClass" time="0.009" errors="0" timestamp="2022-06-23T18:18:47 IST" skipped="0">
  <testcase classname="TestNGIncludeExclude.MyTestClass" name="a" time="0.003"/>
  <system-out>
    <![CDATA[A]]>
  </system-out>
  <testcase classname="TestNGIncludeExclude.MyTestClass" name="p" time="0.006"/>
  <system-out>
    <![CDATA[P]]>
  </system-out>
</testsuite> <!-- TestNGIncludeExclude.MyTestClass -->
