<?xml version="1.0" encoding="UTF-8"?>
<!-- Generated by org.testng.reporters.JUnitReportReporter -->
<testsuite hostname="DESKTOP-UPO9VLV" failures="0" tests="3" name="TestNGKeywords.DependsOnMethodStudy" time="0.020" errors="0" timestamp="2022-06-23T17:56:50 IST" skipped="0">
  <testcase classname="TestNGKeywords.DependsOnMethodStudy" name="p" time="0.002"/>
  <system-out>
    <![CDATA[P]]>
  </system-out>
  <testcase classname="TestNGKeywords.DependsOnMethodStudy" name="n" time="0.003"/>
  <system-out>
    <![CDATA[N]]>
  </system-out>
  <testcase classname="TestNGKeywords.DependsOnMethodStudy" name="a" time="0.015"/>
  <system-out>
    <![CDATA[A]]>
  </system-out>
</testsuite> <!-- TestNGKeywords.DependsOnMethodStudy -->
