<?xml version="1.0" encoding="UTF-8"?>
<!-- Generated by org.testng.reporters.JUnitReportReporter -->
<testsuite hostname="DESKTOP-UPO9VLV" failures="0" tests="1" name="KitePOMUsingTestNGExcel.TestNGTestClass" time="16.572" errors="0" timestamp="2022-07-01T12:44:04 IST" skipped="0">
  <testcase classname="KitePOMUsingTestNGExcel.TestNGTestClass" name="ValidateUsername" time="16.572"/>
  <system-out>
    <![CDATA[validating UserName]]>
  </system-out>
</testsuite> <!-- KitePOMUsingTestNGExcel.TestNGTestClass -->
