<?xml version="1.0" encoding="UTF-8"?>
<!-- Generated by org.testng.reporters.JUnitReportReporter -->
<testsuite hostname="DESKTOP-UPO9VLV" failures="0" tests="1" name="TestNGIncludeExclude.MyTestClass1" time="0.029" errors="0" timestamp="2022-06-23T18:18:47 IST" skipped="0">
  <testcase classname="TestNGIncludeExclude.MyTestClass1" name="a" time="0.029"/>
  <system-out>
    <![CDATA[A]]>
  </system-out>
</testsuite> <!-- TestNGIncludeExclude.MyTestClass1 -->
