<?xml version="1.0" encoding="UTF-8"?>
<!-- Generated by org.testng.reporters.JUnitReportReporter -->
<testsuite hostname="DESKTOP-UPO9VLV" failures="0" tests="1" name="TestNGKeywords.PriorityStudy" time="0.013" errors="0" timestamp="2022-06-30T15:11:37 IST" skipped="0">
  <testcase classname="TestNGKeywords.PriorityStudy" name="a" time="0.013"/>
  <system-out>
    <![CDATA[A]]>
  </system-out>
</testsuite> <!-- TestNGKeywords.PriorityStudy -->
