<?xml version="1.0" encoding="UTF-8"?>
<!-- Generated by org.testng.reporters.JUnitReportReporter -->
<testsuite hostname="DESKTOP-UPO9VLV" failures="0" tests="2" name="TestNGKeywords.MyTestClass2" time="0.010" errors="0" timestamp="2022-06-24T14:36:36 IST" skipped="0">
  <testcase classname="TestNGKeywords.MyTestClass2" name="q" time="0.006"/>
  <system-out>
    <![CDATA[q is running, sanity]]>
  </system-out>
  <testcase classname="TestNGKeywords.MyTestClass2" name="s" time="0.004"/>
  <system-out>
    <![CDATA[s is running, sanity]]>
  </system-out>
</testsuite> <!-- TestNGKeywords.MyTestClass2 -->
