<?xml version="1.0" encoding="UTF-8"?>
<!-- Generated by org.testng.reporters.JUnitReportReporter -->
<testsuite hostname="DESKTOP-UPO9VLV" failures="0" tests="1" name="TestNGKeywords.TimeOutStudy" time="0.014" errors="0" timestamp="2022-06-30T15:08:04 IST" skipped="0">
  <testcase classname="TestNGKeywords.TimeOutStudy" name="p" time="0.014"/>
  <system-out>
    <![CDATA[P]]>
  </system-out>
</testsuite> <!-- TestNGKeywords.TimeOutStudy -->
