<?xml version="1.0" encoding="UTF-8"?>
<!-- Generated by org.testng.reporters.JUnitReportReporter -->
<testsuite hostname="DESKTOP-UPO9VLV" failures="0" tests="2" name="TestNGKeywords.GroupingTestClass2" time="0.020" errors="0" timestamp="2022-06-30T14:48:22 IST" skipped="0">
  <testcase classname="TestNGKeywords.GroupingTestClass2" name="p" time="0.015"/>
  <system-out>
    <![CDATA[p is running, regression]]>
  </system-out>
  <testcase classname="TestNGKeywords.GroupingTestClass2" name="r" time="0.005"/>
  <system-out>
    <![CDATA[r is running, regression]]>
  </system-out>
</testsuite> <!-- TestNGKeywords.GroupingTestClass2 -->
