<?xml version="1.0" encoding="UTF-8"?>
<!-- Generated by org.testng.reporters.JUnitReportReporter -->
<testsuite hostname="DESKTOP-UPO9VLV" failures="0" tests="2" name="TestNGStudy.NormalClass" time="66.316" errors="0" timestamp="2022-06-22T15:44:09 IST" skipped="0">
  <testcase classname="TestNGStudy.NormalClass" name="Test" time="30.294"/>
  <system-out>
    <![CDATA[Hi
Hellow]]>
  </system-out>
  <testcase classname="TestNGStudy.NormalClass" name="Test1" time="36.022"/>
  <system-out>
    <![CDATA[Hey
Horror]]>
  </system-out>
</testsuite> <!-- TestNGStudy.NormalClass -->
