<?xml version="1.0" encoding="UTF-8"?>
<!-- Generated by org.testng.reporters.JUnitReportReporter -->
<testsuite hostname="DESKTOP-UPO9VLV" failures="0" tests="2" name="TestNGKeywords.MyTestClass1" time="0.020" errors="0" timestamp="2022-06-24T14:36:36 IST" skipped="0">
  <testcase classname="TestNGKeywords.MyTestClass1" name="a" time="0.017"/>
  <system-out>
    <![CDATA[a is running, sanity]]>
  </system-out>
  <testcase classname="TestNGKeywords.MyTestClass1" name="c" time="0.003"/>
  <system-out>
    <![CDATA[c is running, sanity]]>
  </system-out>
</testsuite> <!-- TestNGKeywords.MyTestClass1 -->
