<?xml version="1.0" encoding="UTF-8"?>
<!-- Generated by org.testng.reporters.JUnitReportReporter -->
<testsuite hostname="DESKTOP-UPO9VLV" failures="0" tests="1" name="TestNGSerialAndParallel.MyTestClass1" time="53.548" errors="0" timestamp="2022-06-24T15:04:19 IST" skipped="0">
  <testcase classname="TestNGSerialAndParallel.MyTestClass1" name="MyMethod" time="53.548"/>
  <system-out/>
</testsuite> <!-- TestNGSerialAndParallel.MyTestClass1 -->
