<?xml version="1.0" encoding="UTF-8"?>
<!-- Generated by org.testng.reporters.JUnitReportReporter -->
<testsuite hostname="DESKTOP-UPO9VLV" failures="0" tests="1" name="CrossBrowserTest.FirefoxTest" time="93.837" errors="0" timestamp="2022-06-30T14:20:52 IST" skipped="0">
  <testcase classname="CrossBrowserTest.FirefoxTest" name="MyMethod" time="93.837"/>
  <system-out/>
</testsuite> <!-- CrossBrowserTest.FirefoxTest -->
