<?xml version="1.0" encoding="UTF-8"?>
<!-- Generated by org.testng.reporters.JUnitReportReporter -->
<testsuite hostname="DESKTOP-UPO9VLV" failures="0" tests="1" name="KiteTest.ValidationKiteUserIDUsingProperty" time="23.629" errors="0" timestamp="2022-07-04T14:05:49 IST" skipped="0">
  <testcase classname="KiteTest.ValidationKiteUserIDUsingProperty" name="validationUserID" time="23.629"/>
  <system-out>
    <![CDATA[Congratualtions your TC is PASSEDvalidationUserID]]>
  </system-out>
</testsuite> <!-- KiteTest.ValidationKiteUserIDUsingProperty -->
