<?xml version="1.0" encoding="UTF-8"?>
<!-- Generated by org.testng.reporters.JUnitReportReporter -->
<testsuite hostname="DESKTOP-UPO9VLV" failures="0" tests="2" name="TestNGKeywords.GroupingTestClass1" time="0.010" errors="0" timestamp="2022-06-30T14:48:22 IST" skipped="0">
  <testcase classname="TestNGKeywords.GroupingTestClass1" name="b" time="0.003"/>
  <system-out>
    <![CDATA[b is running, regression]]>
  </system-out>
  <testcase classname="TestNGKeywords.GroupingTestClass1" name="d" time="0.007"/>
  <system-out>
    <![CDATA[d is running, regression]]>
  </system-out>
</testsuite> <!-- TestNGKeywords.GroupingTestClass1 -->
