<?xml version="1.0" encoding="UTF-8"?>
<!-- Generated by org.testng.reporters.JUnitReportReporter -->
<testsuite hostname="DESKTOP-UPO9VLV" failures="0" tests="4" name="TestNGKeywords.InvocationCountStudy" time="0.051" errors="0" timestamp="2022-06-22T16:03:29 IST" skipped="0">
  <testcase classname="TestNGKeywords.InvocationCountStudy" name="UserIDValid" time="0.021"/>
  <system-out>
    <![CDATA[Good Evening]]>
  </system-out>
  <testcase classname="TestNGKeywords.InvocationCountStudy" name="UserIDValid" time="0.010"/>
  <system-out>
    <![CDATA[Good Evening]]>
  </system-out>
  <testcase classname="TestNGKeywords.InvocationCountStudy" name="UserIDValid" time="0.014"/>
  <system-out>
    <![CDATA[Good Evening]]>
  </system-out>
  <testcase classname="TestNGKeywords.InvocationCountStudy" name="UserIDValid" time="0.006"/>
  <system-out>
    <![CDATA[Good Evening]]>
  </system-out>
</testsuite> <!-- TestNGKeywords.InvocationCountStudy -->
