<?xml version="1.0" encoding="UTF-8"?>
<!-- Generated by org.testng.reporters.JUnitReportReporter -->
<testsuite hostname="DESKTOP-UPO9VLV" failures="0" tests="1" name="TestNGSerialAndParallel.MyTestClass2" time="47.937" errors="0" timestamp="2022-06-24T15:04:19 IST" skipped="0">
  <testcase classname="TestNGSerialAndParallel.MyTestClass2" name="MyMethod" time="47.937"/>
  <system-out/>
</testsuite> <!-- TestNGSerialAndParallel.MyTestClass2 -->
