<?xml version="1.0" encoding="UTF-8"?>
<!-- Generated by org.testng.reporters.JUnitReportReporter -->
<testsuite hostname="DESKTOP-UPO9VLV" failures="0" tests="1" name="KitePOMUsingTestNG.TestNGTestClass" time="8.574" errors="0" timestamp="2022-07-01T12:50:33 IST" skipped="0">
  <testcase classname="KitePOMUsingTestNG.TestNGTestClass" name="ValidateUsername" time="8.574"/>
  <system-out/>
</testsuite> <!-- KitePOMUsingTestNG.TestNGTestClass -->
