<?xml version="1.0" encoding="UTF-8"?>
<!-- Generated by org.testng.reporters.JUnitReportReporter -->
<testsuite hostname="DESKTOP-UPO9VLV" failures="0" tests="1" name="verifactionUsingTestNG.SoftAssert" time="0.013" errors="0" timestamp="2022-06-30T13:28:50 IST" skipped="0">
  <testcase classname="verifactionUsingTestNG.SoftAssert" name="myMethod" time="0.013"/>
  <system-out/>
</testsuite> <!-- verifactionUsingTestNG.SoftAssert -->
