<?xml version="1.0" encoding="UTF-8"?>
<!-- Generated by org.testng.reporters.JUnitReportReporter -->
<testsuite hostname="DESKTOP-UPO9VLV" failures="0" tests="1" name="CrossBrowserTest.CrossBrowserTestNG" time="95.264" errors="0" timestamp="2022-06-30T14:29:57 IST" skipped="0">
  <testcase classname="CrossBrowserTest.CrossBrowserTestNG" name="myMethod" time="95.264"/>
  <system-out/>
</testsuite> <!-- CrossBrowserTest.CrossBrowserTestNG -->
