<?xml version="1.0" encoding="UTF-8"?>
<!-- Generated by org.testng.reporters.JUnitReportReporter -->
<testsuite hostname="DESKTOP-UPO9VLV" failures="0" tests="1" name="verifactionUsingTestNG.AssertEqualsUse" time="0.018" errors="0" timestamp="2022-06-30T14:02:21 IST" skipped="0">
  <testcase classname="verifactionUsingTestNG.AssertEqualsUse" name="MyMethod" time="0.018"/>
  <system-out>
    <![CDATA[a and b values are not amtching TC Passed]]>
  </system-out>
</testsuite> <!-- verifactionUsingTestNG.AssertEqualsUse -->
