<?xml version="1.0" encoding="UTF-8"?>
<!-- Generated by org.testng.reporters.JUnitReportReporter -->
<testsuite hostname="DESKTOP-UPO9VLV" failures="0" tests="2" name="TestNGStudy.AnnotationStudy" time="0.057" errors="0" timestamp="2022-06-22T15:44:09 IST" skipped="0">
  <testcase classname="TestNGStudy.AnnotationStudy" name="DashboardValidation" time="0.038"/>
  <system-out>
    <![CDATA[Valid Dashboard]]>
  </system-out>
  <testcase classname="TestNGStudy.AnnotationStudy" name="UserIdValidation" time="0.019"/>
  <system-out>
    <![CDATA[User id is valid]]>
  </system-out>
</testsuite> <!-- TestNGStudy.AnnotationStudy -->
