<?xml version="1.0" encoding="UTF-8"?>
<!-- Generated by org.testng.reporters.JUnitReportReporter -->
<testsuite hostname="DESKTOP-UPO9VLV" failures="0" tests="1" name="verifactionUsingTestNG.AssertNullUse" time="0.053" errors="0" timestamp="2022-06-30T14:02:50 IST" skipped="0">
  <testcase classname="verifactionUsingTestNG.AssertNullUse" name="myMethod" time="0.053"/>
  <system-out>
    <![CDATA[value is not null TC is passed]]>
  </system-out>
</testsuite> <!-- verifactionUsingTestNG.AssertNullUse -->
